<?xml version="1.0" encoding="UTF-8"?>
<!-- Generated by org.testng.reporters.JUnitXMLReporter -->
<testsuite ignored="0" hostname="LTIN487458" failures="0" tests="5" name="Test" time="93.953" errors="0" timestamp="2024-01-31T11:07:42 IST">
  <testcase classname="testCases.LoginDDT" name="verify_loginDDT" time="15.611"/>
  <testcase classname="testCases.LoginDDT" name="verify_loginDDT" time="12.338"/>
  <testcase classname="testCases.LoginDDT" name="verify_loginDDT" time="15.579"/>
  <testcase classname="testCases.LoginDDT" name="verify_loginDDT" time="12.333"/>
  <testcase classname="testCases.LoginDDT" name="verify_loginDDT" time="12.349"/>
</testsuite> <!-- Test -->
