<?xml version="1.0" encoding="UTF-8"?>
<!-- Generated by org.testng.reporters.JUnitXMLReporter -->
<testsuite ignored="0" hostname="LTIN487458" failures="0" tests="5" name="Test" time="86.091" errors="0" timestamp="2024-02-01T11:53:14 IST">
  <testcase classname="testCases.LoginDDT" name="verify_loginDDT" time="16.969"/>
  <testcase classname="testCases.LoginDDT" name="verify_loginDDT" time="12.337"/>
  <testcase classname="testCases.LoginDDT" name="verify_loginDDT" time="15.515"/>
  <testcase classname="testCases.LoginDDT" name="verify_loginDDT" time="12.258"/>
  <testcase classname="testCases.LoginDDT" name="verify_loginDDT" time="12.286"/>
</testsuite> <!-- Test -->
