<?xml version="1.0" encoding="UTF-8"?>
<testng-results ignored="0" total="5" passed="5" failed="0" skipped="0">
  <reporter-output>
  </reporter-output>
  <suite started-at="2024-01-31T11:06:08 IST" name="Suite" finished-at="2024-01-31T11:07:42 IST" duration-ms="93953">
    <groups>
    </groups>
    <test started-at="2024-01-31T11:06:08 IST" name="Test" finished-at="2024-01-31T11:07:42 IST" duration-ms="93953">
      <class name="testCases.LoginDDT">
        <test-method is-config="true" signature="setup(java.lang.String,java.lang.String)[pri:0, instance:testCases.LoginDDT@5a56cdac]" started-at="2024-01-31T11:06:09 IST" name="setup" finished-at="2024-01-31T11:06:31 IST" duration-ms="22464" status="PASS">
          <params>
            <param index="0">
              <value>
                <![CDATA[Windows]]>
              </value>
            </param>
            <param index="1">
              <value>
                <![CDATA[chrome]]>
              </value>
            </param>
          </params>
          <reporter-output>
          </reporter-output>
        </test-method> <!-- setup -->
        <test-method signature="verify_loginDDT(java.lang.String,java.lang.String,java.lang.String)[pri:0, instance:testCases.LoginDDT@5a56cdac]" started-at="2024-01-31T11:06:33 IST" name="verify_loginDDT" data-provider="LoginData" finished-at="2024-01-31T11:06:48 IST" duration-ms="15611" status="PASS">
          <params>
            <param index="0">
              <value>
                <![CDATA[Admin]]>
              </value>
            </param>
            <param index="1">
              <value>
                <![CDATA[admin123]]>
              </value>
            </param>
            <param index="2">
              <value>
                <![CDATA[Valid]]>
              </value>
            </param>
          </params>
          <reporter-output>
          </reporter-output>
        </test-method> <!-- verify_loginDDT -->
        <test-method signature="verify_loginDDT(java.lang.String,java.lang.String,java.lang.String)[pri:0, instance:testCases.LoginDDT@5a56cdac]" started-at="2024-01-31T11:06:48 IST" name="verify_loginDDT" data-provider="LoginData" finished-at="2024-01-31T11:07:01 IST" duration-ms="12338" status="PASS">
          <params>
            <param index="0">
              <value>
                <![CDATA[Admin]]>
              </value>
            </param>
            <param index="1">
              <value>
                <![CDATA[admin124]]>
              </value>
            </param>
            <param index="2">
              <value>
                <![CDATA[Invalid]]>
              </value>
            </param>
          </params>
          <reporter-output>
          </reporter-output>
        </test-method> <!-- verify_loginDDT -->
        <test-method signature="verify_loginDDT(java.lang.String,java.lang.String,java.lang.String)[pri:0, instance:testCases.LoginDDT@5a56cdac]" started-at="2024-01-31T11:07:01 IST" name="verify_loginDDT" data-provider="LoginData" finished-at="2024-01-31T11:07:16 IST" duration-ms="15579" status="PASS">
          <params>
            <param index="0">
              <value>
                <![CDATA[Admin]]>
              </value>
            </param>
            <param index="1">
              <value>
                <![CDATA[admin123]]>
              </value>
            </param>
            <param index="2">
              <value>
                <![CDATA[Valid]]>
              </value>
            </param>
          </params>
          <reporter-output>
          </reporter-output>
        </test-method> <!-- verify_loginDDT -->
        <test-method signature="verify_loginDDT(java.lang.String,java.lang.String,java.lang.String)[pri:0, instance:testCases.LoginDDT@5a56cdac]" started-at="2024-01-31T11:07:16 IST" name="verify_loginDDT" data-provider="LoginData" finished-at="2024-01-31T11:07:28 IST" duration-ms="12333" status="PASS">
          <params>
            <param index="0">
              <value>
                <![CDATA[Admin]]>
              </value>
            </param>
            <param index="1">
              <value>
                <![CDATA[admin126]]>
              </value>
            </param>
            <param index="2">
              <value>
                <![CDATA[Invalid]]>
              </value>
            </param>
          </params>
          <reporter-output>
          </reporter-output>
        </test-method> <!-- verify_loginDDT -->
        <test-method signature="verify_loginDDT(java.lang.String,java.lang.String,java.lang.String)[pri:0, instance:testCases.LoginDDT@5a56cdac]" started-at="2024-01-31T11:07:28 IST" name="verify_loginDDT" data-provider="LoginData" finished-at="2024-01-31T11:07:41 IST" duration-ms="12349" status="PASS">
          <params>
            <param index="0">
              <value>
                <![CDATA[Admin]]>
              </value>
            </param>
            <param index="1">
              <value>
                <![CDATA[admin127]]>
              </value>
            </param>
            <param index="2">
              <value>
                <![CDATA[Invalid]]>
              </value>
            </param>
          </params>
          <reporter-output>
          </reporter-output>
        </test-method> <!-- verify_loginDDT -->
        <test-method is-config="true" signature="tearDown()[pri:0, instance:testCases.LoginDDT@5a56cdac]" started-at="2024-01-31T11:07:41 IST" name="tearDown" finished-at="2024-01-31T11:07:42 IST" duration-ms="1153" status="PASS">
          <reporter-output>
          </reporter-output>
        </test-method> <!-- tearDown -->
      </class> <!-- testCases.LoginDDT -->
    </test> <!-- Test -->
  </suite> <!-- Suite -->
</testng-results>
